<?xml version="1.0" encoding="UTF-8" standalone="yes"?><!DOCTYPE report PUBLIC "-//JACOCO//DTD Report 1.1//EN" "report.dtd"><report name="untitled"><sessioninfo id="DESKTOP-FREN9S3-30cc9537" start="1668972537429" dump="1668972538511"/><sessioninfo id="DESKTOP-FREN9S3-fdd9523d" start="1668972552626" dump="1668972553698"/><sessioninfo id="DESKTOP-FREN9S3-3f750b3e" start="1668973264002" dump="1668973265087"/><sessioninfo id="DESKTOP-FREN9S3-a86458c2" start="1668973397881" dump="1668973398949"/><sessioninfo id="DESKTOP-FREN9S3-7aa309c" start="1668973633298" dump="1668973634379"/><sessioninfo id="DESKTOP-FREN9S3-2533ff2e" start="1668973702261" dump="1668973703336"/><sessioninfo id="DESKTOP-FREN9S3-3a36caf5" start="1668974319105" dump="1668974320175"/><sessioninfo id="DESKTOP-FREN9S3-e996901" start="1668974416789" dump="1668974417833"/><sessioninfo id="DESKTOP-FREN9S3-cb137d9c" start="1668974704607" dump="1668974705687"/><sessioninfo id="DESKTOP-FREN9S3-7b045b24" start="1668974862889" dump="1668974863960"/><sessioninfo id="DESKTOP-FREN9S3-6c2040df" start="1668974967130" dump="1668974968263"/><sessioninfo id="DESKTOP-FREN9S3-3b153f24" start="1668975006763" dump="1668975007828"/><sessioninfo id="DESKTOP-FREN9S3-eef8f2f9" start="1668975056803" dump="1668975057889"/><sessioninfo id="DESKTOP-FREN9S3-ae34e7f1" start="1668975101522" dump="1668975102584"/><sessioninfo id="DESKTOP-FREN9S3-5b629f55" start="1668975221139" dump="1668975222258"/><sessioninfo id="DESKTOP-FREN9S3-8fc2f673" start="1668975226467" dump="1668975227522"/><sessioninfo id="DESKTOP-FREN9S3-2020dd02" start="1668975391389" dump="1668975392507"/><sessioninfo id="DESKTOP-FREN9S3-2b33d9c2" start="1668975445791" dump="1668975446923"/><sessioninfo id="DESKTOP-FREN9S3-95d1e054" start="1668975796036" dump="1668975797132"/><sessioninfo id="DESKTOP-FREN9S3-a6a1bf6c" start="1668976279902" dump="1668976280961"/><sessioninfo id="DESKTOP-FREN9S3-f7dc1ca6" start="1668976328121" dump="1668976329188"/><sessioninfo id="DESKTOP-FREN9S3-52426597" start="1668976543391" dump="1668976544469"/><sessioninfo id="DESKTOP-FREN9S3-d4e8d49d" start="1668976631207" dump="1668976632277"/><sessioninfo id="DESKTOP-FREN9S3-303d6a4f" start="1668976716041" dump="1668976717143"/><sessioninfo id="DESKTOP-FREN9S3-8e2cb27b" start="1668976786244" dump="1668976787317"/><sessioninfo id="DESKTOP-FREN9S3-a3cb69f4" start="1668976927028" dump="1668976928224"/><sessioninfo id="DESKTOP-FREN9S3-f5d77ddb" start="1668976995749" dump="1668976996912"/><sessioninfo id="DESKTOP-FREN9S3-a39d67d1" start="1668977053141" dump="1668977054213"/><sessioninfo id="DESKTOP-FREN9S3-ca1084e5" start="1668977279341" dump="1668977280471"/><sessioninfo id="DESKTOP-FREN9S3-a92eaff3" start="1668977318933" dump="1668977320012"/><sessioninfo id="DESKTOP-FREN9S3-61d79abc" start="1668977556420" dump="1668977557477"/><sessioninfo id="DESKTOP-FREN9S3-e8ac9b37" start="1668977848251" dump="1668977849321"/><sessioninfo id="DESKTOP-FREN9S3-1e57b464" start="1668977893817" dump="1668977894873"/><sessioninfo id="DESKTOP-FREN9S3-748c159" start="1668977961264" dump="1668977962342"/><sessioninfo id="DESKTOP-FREN9S3-fad7f877" start="1668977971910" dump="1668977973002"/><sessioninfo id="DESKTOP-FREN9S3-9d439092" start="1668977996486" dump="1668977997543"/><sessioninfo id="DESKTOP-FREN9S3-e438afa1" start="1668978033117" dump="1668978034178"/><sessioninfo id="DESKTOP-FREN9S3-7ef4926e" start="1669011333061" dump="1669011334175"/><sessioninfo id="DESKTOP-FREN9S3-48642951" start="1669011369387" dump="1669011370462"/><sessioninfo id="DESKTOP-FREN9S3-77ecc3ce" start="1669012222471" dump="1669012224013"/><sessioninfo id="DESKTOP-FREN9S3-b02b52c5" start="1669012292215" dump="1669012293296"/><sessioninfo id="DESKTOP-FREN9S3-d4c75d55" start="1669012301888" dump="1669012303007"/><sessioninfo id="DESKTOP-FREN9S3-6354f27a" start="1669015861656" dump="1669015862739"/><sessioninfo id="DESKTOP-FREN9S3-5ef86c62" start="1669015958071" dump="1669015959165"/><sessioninfo id="DESKTOP-FREN9S3-a7dbf626" start="1669015986746" dump="1669015987835"/><sessioninfo id="DESKTOP-FREN9S3-7d1a23a2" start="1669016067472" dump="1669016068682"/><sessioninfo id="DESKTOP-FREN9S3-c2dc02b0" start="1669016081752" dump="1669016082820"/><sessioninfo id="DESKTOP-FREN9S3-3a8dc14a" start="1669016335457" dump="1669016336524"/><sessioninfo id="DESKTOP-FREN9S3-926e64ac" start="1669016396135" dump="1669016397204"/><sessioninfo id="DESKTOP-FREN9S3-fe8580a1" start="1669016536472" dump="1669016537564"/><sessioninfo id="DESKTOP-FREN9S3-a7642f2c" start="1669016845912" dump="1669016846988"/><sessioninfo id="DESKTOP-FREN9S3-17eab313" start="1669019327989" dump="1669019329051"/><sessioninfo id="DESKTOP-FREN9S3-5f7f3522" start="1669019662193" dump="1669019663298"/><sessioninfo id="DESKTOP-FREN9S3-9fd8b962" start="1669020912724" dump="1669020913762"/><sessioninfo id="DESKTOP-FREN9S3-c49b0772" start="1669021007098" dump="1669021008161"/><sessioninfo id="DESKTOP-FREN9S3-27cc114d" start="1669021088993" dump="1669021090055"/><sessioninfo id="DESKTOP-FREN9S3-60b8a327" start="1669024726631" dump="1669024727834"/><sessioninfo id="DESKTOP-FREN9S3-40389dc0" start="1669024734626" dump="1669024735789"/><sessioninfo id="DESKTOP-FREN9S3-5d15f72e" start="1669025281773" dump="1669025282819"/><sessioninfo id="DESKTOP-FREN9S3-82a135fe" start="1669025556117" dump="1669025557168"/><sessioninfo id="DESKTOP-FREN9S3-9fcbf262" start="1669025598402" dump="1669025599451"/><sessioninfo id="DESKTOP-FREN9S3-4f758b63" start="1669025614928" dump="1669025615963"/><sessioninfo id="DESKTOP-FREN9S3-852f5329" start="1669025654179" dump="1669025655242"/><sessioninfo id="DESKTOP-FREN9S3-95536b14" start="1669025662132" dump="1669025663181"/><sessioninfo id="DESKTOP-FREN9S3-ed6cd098" start="1669025836460" dump="1669025837473"/><sessioninfo id="DESKTOP-FREN9S3-6be5c08c" start="1669026210035" dump="1669026211058"/><sessioninfo id="DESKTOP-FREN9S3-27fe5cc3" start="1669026435384" dump="1669026436425"/><sessioninfo id="DESKTOP-FREN9S3-6c7b6431" start="1669028146363" dump="1669028147434"/><sessioninfo id="DESKTOP-FREN9S3-4398237e" start="1669028762201" dump="1669028763232"/><sessioninfo id="DESKTOP-FREN9S3-406ed569" start="1669031649402" dump="1669031650507"/><sessioninfo id="DESKTOP-FREN9S3-7d1bd3da" start="1669031669236" dump="1669031670253"/><sessioninfo id="DESKTOP-FREN9S3-776df2e3" start="1669033696226" dump="1669033697319"/><sessioninfo id="DESKTOP-FREN9S3-dbfcd592" start="1669215513653" dump="1669215514728"/><sessioninfo id="DESKTOP-FREN9S3-5f6ee1f" start="1669215521956" dump="1669215522964"/><sessioninfo id="DESKTOP-FREN9S3-d12e7d49" start="1669215674863" dump="1669215675902"/><sessioninfo id="DESKTOP-FREN9S3-ffdc3461" start="1669215889738" dump="1669215890755"/><sessioninfo id="DESKTOP-FREN9S3-fcb55b48" start="1669215939732" dump="1669215940948"/><sessioninfo id="DESKTOP-FREN9S3-b11150eb" start="1669215947255" dump="1669215948291"/><sessioninfo id="DESKTOP-FREN9S3-e2b32b61" start="1669215954071" dump="1669215955104"/><sessioninfo id="DESKTOP-FREN9S3-6828db78" start="1669215995686" dump="1669215996710"/><sessioninfo id="DESKTOP-FREN9S3-dbc115c" start="1669216020545" dump="1669216021667"/><sessioninfo id="DESKTOP-FREN9S3-3ead929" start="1669216174317" dump="1669216175365"/><sessioninfo id="DESKTOP-FREN9S3-413689c0" start="1669216249799" dump="1669216250819"/><sessioninfo id="DESKTOP-FREN9S3-d8593629" start="1669216323384" dump="1669216324420"/><sessioninfo id="DESKTOP-FREN9S3-fb319206" start="1669216338075" dump="1669216339086"/><sessioninfo id="DESKTOP-FREN9S3-b30cf227" start="1669216514376" dump="1669216515388"/><sessioninfo id="DESKTOP-FREN9S3-121dec5c" start="1669216753770" dump="1669216754788"/><sessioninfo id="DESKTOP-FREN9S3-1da1597b" start="1669216778022" dump="1669216779266"/><sessioninfo id="DESKTOP-FREN9S3-24b7f1c4" start="1669217429701" dump="1669217430753"/><sessioninfo id="DESKTOP-FREN9S3-68dfd1ae" start="1669217522093" dump="1669217523164"/><sessioninfo id="DESKTOP-FREN9S3-72d5c188" start="1669217540318" dump="1669217541385"/><sessioninfo id="DESKTOP-FREN9S3-f726a0af" start="1669217590396" dump="1669217591436"/><sessioninfo id="DESKTOP-FREN9S3-de79ec16" start="1669217718440" dump="1669217719452"/><sessioninfo id="DESKTOP-FREN9S3-dbf4cdd9" start="1669217738133" dump="1669217739223"/><sessioninfo id="DESKTOP-FREN9S3-cd375a24" start="1669219762093" dump="1669219763123"/><sessioninfo id="DESKTOP-FREN9S3-788fc648" start="1669219912739" dump="1669219913765"/><sessioninfo id="DESKTOP-FREN9S3-292ae1c9" start="1669220250666" dump="1669220251671"/><sessioninfo id="DESKTOP-FREN9S3-f4888c7f" start="1669220397410" dump="1669220398415"/><sessioninfo id="DESKTOP-FREN9S3-1d7e1bad" start="1669220485495" dump="1669220486654"/><package name="com/example"><class name="com/example/Feline" sourcefilename="Feline.java"><method name="&lt;init&gt;" desc="()V" line="5"><counter type="INSTRUCTION" missed="0" covered="3"/><counter type="LINE" missed="0" covered="1"/><counter type="COMPLEXITY" missed="0" covered="1"/><counter type="METHOD" missed="0" covered="1"/></method><method name="eatMeat" desc="()Ljava/util/List;" line="9"><counter type="INSTRUCTION" missed="0" covered="4"/><counter type="LINE" missed="0" covered="1"/><counter type="COMPLEXITY" missed="0" covered="1"/><counter type="METHOD" missed="0" covered="1"/></method><method name="getFamily" desc="()Ljava/lang/String;" line="14"><counter type="INSTRUCTION" missed="0" covered="2"/><counter type="LINE" missed="0" covered="1"/><counter type="COMPLEXITY" missed="0" covered="1"/><counter type="METHOD" missed="0" covered="1"/></method><method name="getKittens" desc="()I" line="18"><counter type="INSTRUCTION" missed="0" covered="4"/><counter type="LINE" missed="0" covered="1"/><counter type="COMPLEXITY" missed="0" covered="1"/><counter type="METHOD" missed="0" covered="1"/></method><method name="getKittens" desc="(I)I" line="22"><counter type="INSTRUCTION" missed="0" covered="2"/><counter type="LINE" missed="0" covered="1"/><counter type="COMPLEXITY" missed="0" covered="1"/><counter type="METHOD" missed="0" covered="1"/></method><counter type="INSTRUCTION" missed="0" covered="15"/><counter type="LINE" missed="0" covered="5"/><counter type="COMPLEXITY" missed="0" covered="5"/><counter type="METHOD" missed="0" covered="5"/><counter type="CLASS" missed="0" covered="1"/></class><class name="com/example/Animal" sourcefilename="Animal.java"><method name="&lt;init&gt;" desc="()V" line="5"><counter type="INSTRUCTION" missed="0" covered="3"/><counter type="LINE" missed="0" covered="1"/><counter type="COMPLEXITY" missed="0" covered="1"/><counter type="METHOD" missed="0" covered="1"/></method><method name="getFood" desc="(Ljava/lang/String;)Ljava/util/List;" line="8"><counter type="INSTRUCTION" missed="4" covered="18"/><counter type="BRANCH" missed="1" covered="3"/><counter type="LINE" missed="1" covered="4"/><counter type="COMPLEXITY" missed="1" covered="2"/><counter type="METHOD" missed="0" covered="1"/></method><method name="getFamily" desc="()Ljava/lang/String;" line="18"><counter type="INSTRUCTION" missed="2" covered="0"/><counter type="LINE" missed="1" covered="0"/><counter type="COMPLEXITY" missed="1" covered="0"/><counter type="METHOD" missed="1" covered="0"/></method><counter type="INSTRUCTION" missed="6" covered="21"/><counter type="BRANCH" missed="1" covered="3"/><counter type="LINE" missed="2" covered="5"/><counter type="COMPLEXITY" missed="2" covered="3"/><counter type="METHOD" missed="1" covered="2"/><counter type="CLASS" missed="0" covered="1"/></class><class name="com/example/Lion" sourcefilename="Lion.java"><method name="&lt;init&gt;" desc="(Ljava/lang/String;Lcom/example/Feline;)V" line="10"><counter type="INSTRUCTION" missed="5" covered="22"/><counter type="BRANCH" missed="1" covered="3"/><counter type="LINE" missed="1" covered="7"/><counter type="COMPLEXITY" missed="1" covered="2"/><counter type="METHOD" missed="0" covered="1"/></method><method name="getKittens" desc="()I" line="24"><counter type="INSTRUCTION" missed="0" covered="4"/><counter type="LINE" missed="0" covered="1"/><counter type="COMPLEXITY" missed="0" covered="1"/><counter type="METHOD" missed="0" covered="1"/></method><method name="doesHaveMane" desc="()Z" line="28"><counter type="INSTRUCTION" missed="0" covered="3"/><counter type="LINE" missed="0" covered="1"/><counter type="COMPLEXITY" missed="0" covered="1"/><counter type="METHOD" missed="0" covered="1"/></method><method name="getFood" desc="()Ljava/util/List;" line="32"><counter type="INSTRUCTION" missed="0" covered="5"/><counter type="LINE" missed="0" covered="1"/><counter type="COMPLEXITY" missed="0" covered="1"/><counter type="METHOD" missed="0" covered="1"/></method><counter type="INSTRUCTION" missed="5" covered="34"/><counter type="BRANCH" missed="1" covered="3"/><counter type="LINE" missed="1" covered="10"/><counter type="COMPLEXITY" missed="1" covered="5"/><counter type="METHOD" missed="0" covered="4"/><counter type="CLASS" missed="0" covered="1"/></class><class name="com/example/Predator" sourcefilename="Predator.java"/><class name="com/example/Cat" sourcefilename="Cat.java"><method name="&lt;init&gt;" desc="(Lcom/example/Feline;)V" line="9"><counter type="INSTRUCTION" missed="0" covered="6"/><counter type="LINE" missed="0" covered="3"/><counter type="COMPLEXITY" missed="0" covered="1"/><counter type="METHOD" missed="0" covered="1"/></method><method name="getSound" desc="()Ljava/lang/String;" line="14"><counter type="INSTRUCTION" missed="0" covered="2"/><counter type="LINE" missed="0" covered="1"/><counter type="COMPLEXITY" missed="0" covered="1"/><counter type="METHOD" missed="0" covered="1"/></method><method name="getFood" desc="()Ljava/util/List;" line="18"><counter type="INSTRUCTION" missed="0" covered="4"/><counter type="LINE" missed="0" covered="1"/><counter type="COMPLEXITY" missed="0" covered="1"/><counter type="METHOD" missed="0" covered="1"/></method><counter type="INSTRUCTION" missed="0" covered="12"/><counter type="LINE" missed="0" covered="5"/><counter type="COMPLEXITY" missed="0" covered="3"/><counter type="METHOD" missed="0" covered="3"/><counter type="CLASS" missed="0" covered="1"/></class><sourcefile name="Lion.java"><line nr="10" mi="0" ci="2" mb="0" cb="0"/><line nr="11" mi="0" ci="4" mb="0" cb="2"/><line nr="12" mi="0" ci="4" mb="0" cb="0"/><line nr="13" mi="0" ci="4" mb="1" cb="1"/><line nr="14" mi="0" ci="4" mb="0" cb="0"/><line nr="16" mi="5" ci="0" mb="0" cb="0"/><line nr="18" mi="0" ci="3" mb="0" cb="0"/><line nr="19" mi="0" ci="1" mb="0" cb="0"/><line nr="24" mi="0" ci="4" mb="0" cb="0"/><line nr="28" mi="0" ci="3" mb="0" cb="0"/><line nr="32" mi="0" ci="5" mb="0" cb="0"/><counter type="INSTRUCTION" missed="5" covered="34"/><counter type="BRANCH" missed="1" covered="3"/><counter type="LINE" missed="1" covered="10"/><counter type="COMPLEXITY" missed="1" covered="5"/><counter type="METHOD" missed="0" covered="4"/><counter type="CLASS" missed="0" covered="1"/></sourcefile><sourcefile name="Predator.java"/><sourcefile name="Animal.java"><line nr="5" mi="0" ci="3" mb="0" cb="0"/><line nr="8" mi="0" ci="4" mb="1" cb="1"/><line nr="9" mi="4" ci="0" mb="0" cb="0"/><line nr="10" mi="0" ci="4" mb="0" cb="2"/><line nr="11" mi="0" ci="5" mb="0" cb="0"/><line nr="13" mi="0" ci="5" mb="0" cb="0"/><line nr="18" mi="2" ci="0" mb="0" cb="0"/><counter type="INSTRUCTION" missed="6" covered="21"/><counter type="BRANCH" missed="1" covered="3"/><counter type="LINE" missed="2" covered="5"/><counter type="COMPLEXITY" missed="2" covered="3"/><counter type="METHOD" missed="1" covered="2"/><counter type="CLASS" missed="0" covered="1"/></sourcefile><sourcefile name="Feline.java"><line nr="5" mi="0" ci="3" mb="0" cb="0"/><line nr="9" mi="0" ci="4" mb="0" cb="0"/><line nr="14" mi="0" ci="2" mb="0" cb="0"/><line nr="18" mi="0" ci="4" mb="0" cb="0"/><line nr="22" mi="0" ci="2" mb="0" cb="0"/><counter type="INSTRUCTION" missed="0" covered="15"/><counter type="LINE" missed="0" covered="5"/><counter type="COMPLEXITY" missed="0" covered="5"/><counter type="METHOD" missed="0" covered="5"/><counter type="CLASS" missed="0" covered="1"/></sourcefile><sourcefile name="Cat.java"><line nr="9" mi="0" ci="2" mb="0" cb="0"/><line nr="10" mi="0" ci="3" mb="0" cb="0"/><line nr="11" mi="0" ci="1" mb="0" cb="0"/><line nr="14" mi="0" ci="2" mb="0" cb="0"/><line nr="18" mi="0" ci="4" mb="0" cb="0"/><counter type="INSTRUCTION" missed="0" covered="12"/><counter type="LINE" missed="0" covered="5"/><counter type="COMPLEXITY" missed="0" covered="3"/><counter type="METHOD" missed="0" covered="3"/><counter type="CLASS" missed="0" covered="1"/></sourcefile><counter type="INSTRUCTION" missed="11" covered="82"/><counter type="BRANCH" missed="2" covered="6"/><counter type="LINE" missed="3" covered="25"/><counter type="COMPLEXITY" missed="3" covered="16"/><counter type="METHOD" missed="1" covered="14"/><counter type="CLASS" missed="0" covered="4"/></package><counter type="INSTRUCTION" missed="11" covered="82"/><counter type="BRANCH" missed="2" covered="6"/><counter type="LINE" missed="3" covered="25"/><counter type="COMPLEXITY" missed="3" covered="16"/><counter type="METHOD" missed="1" covered="14"/><counter type="CLASS" missed="0" covered="4"/></report>